[    0.000000] Linux version 4.15.0-194-generic (buildd@lcy02-amd64-052) (gcc version 7.5.0 (Ubuntu 7.5.0-3ubuntu1~18.04)) #205-Ubuntu SMP Fri Sep 16 19:49:27 UTC 2022 (Ubuntu 4.15.0-194.205-generic 4.15.18)
[    0.000000] Command line: BOOT_IMAGE=/boot/vmlinuz-4.15.0-194-generic root=LABEL=cloudimg-rootfs ro console=tty1 console=ttyS0
[    0.000000] KERNEL supported cpus:
[    0.000000]   Intel GenuineIntel
[    0.000000]   AMD AuthenticAMD
[    0.000000]   Centaur CentaurHauls
[    0.000000] x86/fpu: Supporting XSAVE feature 0x001: 'x87 floating point registers'
[    0.000000] x86/fpu: Supporting XSAVE feature 0x002: 'SSE registers'
[    0.000000] x86/fpu: Supporting XSAVE feature 0x004: 'AVX registers'
[    0.000000] x86/fpu: xstate_offset[2]:  576, xstate_sizes[2]:  256
[    0.000000] x86/fpu: Enabled xstate features 0x7, context size is 832 bytes, using 'standard' format.
[    0.000000] e820: BIOS-provided physical RAM map:
[    0.000000] BIOS-e820: [mem 0x0000000000000000-0x000000000009fbff] usable
[    0.000000] BIOS-e820: [mem 0x000000000009fc00-0x000000000009ffff] reserved
[    0.000000] BIOS-e820: [mem 0x00000000000f0000-0x00000000000fffff] reserved
[    0.000000] BIOS-e820: [mem 0x0000000000100000-0x00000000783effff] usable
[    0.000000] BIOS-e820: [mem 0x00000000783f0000-0x00000000783fffff] ACPI data
[    0.000000] BIOS-e820: [mem 0x00000000fec00000-0x00000000fec00fff] reserved
[    0.000000] BIOS-e820: [mem 0x00000000fee00000-0x00000000fee00fff] reserved
[    0.000000] BIOS-e820: [mem 0x00000000fffc0000-0x00000000ffffffff] reserved
[    0.000000] NX (Execute Disable) protection: active
[    0.000000] SMBIOS 2.5 present.
[    0.000000] DMI: innotek GmbH VirtualBox/VirtualBox, BIOS VirtualBox 12/01/2006
[    0.000000] Hypervisor detected: KVM
[    0.000000] e820: last_pfn = 0x783f0 max_arch_pfn = 0x400000000
[    0.000000] MTRR: Disabled
[    0.000000] x86/PAT: MTRRs disabled, skipping PAT initialization too.
[    0.000000] CPU MTRRs all blank - virtualized system.
[    0.000000] x86/PAT: Configuration [0-7]: WB  WT  UC- UC  WB  WT  UC- UC  
[    0.000000] found SMP MP-table at [mem 0x0009fff0-0x0009ffff]
[    0.000000] Scanning 1 areas for low memory corruption
[    0.000000] RAMDISK: [mem 0x359cb000-0x36cdcfff]
[    0.000000] ACPI: Early table checksum verification disabled
[    0.000000] ACPI: RSDP 0x00000000000E0000 000024 (v02 VBOX  )
[    0.000000] ACPI: XSDT 0x00000000783F0030 00003C (v01 VBOX   VBOXXSDT 00000001 ASL  00000061)
[    0.000000] ACPI: FACP 0x00000000783F00F0 0000F4 (v04 VBOX   VBOXFACP 00000001 ASL  00000061)
[    0.000000] ACPI: DSDT 0x00000000783F0470 002325 (v02 VBOX   VBOXBIOS 00000002 INTL 20100528)
[    0.000000] ACPI: FACS 0x00000000783F0200 000040
[    0.000000] ACPI: FACS 0x00000000783F0200 000040
[    0.000000] ACPI: APIC 0x00000000783F0240 00005C (v02 VBOX   VBOXAPIC 00000001 ASL  00000061)
[    0.000000] ACPI: SSDT 0x00000000783F02A0 0001CC (v01 VBOX   VBOXCPUT 00000002 INTL 20100528)
[    0.000000] ACPI: Reserving FACP table memory at [mem 0x783f00f0-0x783f01e3]
[    0.000000] ACPI: Reserving DSDT table memory at [mem 0x783f0470-0x783f2794]
[    0.000000] ACPI: Reserving FACS table memory at [mem 0x783f0200-0x783f023f]
[    0.000000] ACPI: Reserving FACS table memory at [mem 0x783f0200-0x783f023f]
[    0.000000] ACPI: Reserving APIC table memory at [mem 0x783f0240-0x783f029b]
[    0.000000] ACPI: Reserving SSDT table memory at [mem 0x783f02a0-0x783f046b]
[    0.000000] No NUMA configuration found
[    0.000000] Faking a node at [mem 0x0000000000000000-0x00000000783effff]
[    0.000000] NODE_DATA(0) allocated [mem 0x783c5000-0x783effff]
[    0.000000] kvm-clock: cpu 0, msr 0:78344001, primary cpu clock
[    0.000000] kvm-clock: Using msrs 4b564d01 and 4b564d00
[    0.000000] kvm-clock: using sched offset of 5836278888 cycles
[    0.000000] clocksource: kvm-clock: mask: 0xffffffffffffffff max_cycles: 0x1cd42e4dffb, max_idle_ns: 881590591483 ns
[    0.000000] Section 14 and 15 (node 0) have a circular dependency on usemap and pgdat allocations
[    0.000000] Zone ranges:
[    0.000000]   DMA      [mem 0x0000000000001000-0x0000000000ffffff]
[    0.000000]   DMA32    [mem 0x0000000001000000-0x00000000783effff]
[    0.000000]   Normal   empty
[    0.000000]   Device   empty
[    0.000000] Movable zone start for each node
[    0.000000] Early memory node ranges
[    0.000000]   node   0: [mem 0x0000000000001000-0x000000000009efff]
[    0.000000]   node   0: [mem 0x0000000000100000-0x00000000783effff]
[    0.000000] Reserved but unavailable: 104 pages
[    0.000000] Initmem setup node 0 [mem 0x0000000000001000-0x00000000783effff]
[    0.000000] ACPI: PM-Timer IO Port: 0x4008
[    0.000000] IOAPIC[0]: apic_id 2, version 32, address 0xfec00000, GSI 0-23
[    0.000000] ACPI: INT_SRC_OVR (bus 0 bus_irq 0 global_irq 2 dfl dfl)
[    0.000000] ACPI: INT_SRC_OVR (bus 0 bus_irq 9 global_irq 9 low level)
[    0.000000] Using ACPI (MADT) for SMP configuration information
[    0.000000] smpboot: Allowing 2 CPUs, 0 hotplug CPUs
[    0.000000] PM: Registered nosave memory: [mem 0x00000000-0x00000fff]
[    0.000000] PM: Registered nosave memory: [mem 0x0009f000-0x0009ffff]
[    0.000000] PM: Registered nosave memory: [mem 0x000a0000-0x000effff]
[    0.000000] PM: Registered nosave memory: [mem 0x000f0000-0x000fffff]
[    0.000000] e820: [mem 0x78400000-0xfebfffff] available for PCI devices
[    0.000000] Booting paravirtualized kernel on KVM
[    0.000000] clocksource: refined-jiffies: mask: 0xffffffff max_cycles: 0xffffffff, max_idle_ns: 7645519600211568 ns
[    0.000000] setup_percpu: NR_CPUS:8192 nr_cpumask_bits:2 nr_cpu_ids:2 nr_node_ids:1
[    0.000000] percpu: Embedded 50 pages/cpu s167936 r8192 d28672 u1048576
[    0.000000] PV qspinlock hash table entries: 256 (order: 0, 4096 bytes)
[    0.000000] Built 1 zonelists, mobility grouping on.  Total pages: 484713
[    0.000000] Policy zone: DMA32
[    0.000000] Kernel command line: BOOT_IMAGE=/boot/vmlinuz-4.15.0-194-generic root=LABEL=cloudimg-rootfs ro console=tty1 console=ttyS0
[    0.000000] Memory: 1887868K/1969720K available (12300K kernel code, 2477K rwdata, 4320K rodata, 2472K init, 2720K bss, 81852K reserved, 0K cma-reserved)
[    0.000000] SLUB: HWalign=64, Order=0-3, MinObjects=0, CPUs=2, Nodes=1
[    0.000000] Kernel/User page tables isolation: enabled
[    0.000000] ftrace: allocating 39477 entries in 155 pages
[    0.004000] Hierarchical RCU implementation.
[    0.004000] 	RCU restricting CPUs from NR_CPUS=8192 to nr_cpu_ids=2.
[    0.004000] 	Tasks RCU enabled.
[    0.004000] RCU: Adjusting geometry for rcu_fanout_leaf=16, nr_cpu_ids=2
[    0.004000] NR_IRQS: 524544, nr_irqs: 440, preallocated irqs: 16
[    0.004000] Console: colour VGA+ 80x25
[    0.004000] console [tty1] enabled
[    0.004000] console [ttyS0] enabled
[    0.004000] ACPI: Core revision 20170831
[    0.004000] ACPI: 2 ACPI AML tables successfully acquired and loaded
[    0.004000] APIC: Switch to symmetric I/O mode setup
[    0.004000] x2apic enabled
[    0.004014] Switched APIC routing to physical x2apic.
[    0.008000] ..TIMER: vector=0x30 apic1=0 pin1=2 apic2=-1 pin2=-1
[    0.008005] tsc: Detected 2195.024 MHz processor
[    0.010715] Calibrating delay loop (skipped) preset value.. 4390.04 BogoMIPS (lpj=8780096)
[    0.012006] pid_max: default: 32768 minimum: 301
[    0.016182] Security Framework initialized
[    0.020005] Yama: becoming mindful.
[    0.021973] AppArmor: AppArmor initialized
[    0.028337] Dentry cache hash table entries: 262144 (order: 9, 2097152 bytes)
[    0.034631] Inode-cache hash table entries: 131072 (order: 8, 1048576 bytes)
[    0.036053] Mount-cache hash table entries: 4096 (order: 3, 32768 bytes)
[    0.040016] Mountpoint-cache hash table entries: 4096 (order: 3, 32768 bytes)
[    0.044870] Last level iTLB entries: 4KB 512, 2MB 8, 4MB 8
[    0.048006] Last level dTLB entries: 4KB 512, 2MB 32, 4MB 32, 1GB 0
[    0.052006] Spectre V1 : Mitigation: usercopy/swapgs barriers and __user pointer sanitization
[    0.056006] Spectre V2 : Mitigation: Retpolines
[    0.058455] Spectre V2 : Spectre v2 / SpectreRSB mitigation: Filling RSB on context switch
[    0.060005] Speculative Store Bypass: Vulnerable
[    0.064094] MDS: Mitigation: Clear CPU buffers
[    0.068583] Freeing SMP alternatives memory: 36K
[    0.184197] smpboot: CPU0: Intel(R) Core(TM) i7-2670QM CPU @ 2.20GHz (family: 0x6, model: 0x2a, stepping: 0x7)
[    0.188230] Performance Events: unsupported p6 CPU model 42 no PMU driver, software events only.
[    0.192105] Hierarchical SRCU implementation.
[    0.197081] NMI watchdog: Perf event create on CPU 0 failed with -2
[    0.200000] NMI watchdog: Perf NMI watchdog permanently disabled
[    0.200120] smp: Bringing up secondary CPUs ...
[    0.204265] x86: Booting SMP configuration:
[    0.208005] .... node  #0, CPUs:      #1
[    0.004000] kvm-clock: cpu 1, msr 0:78344041, secondary cpu clock
[    0.214683] smp: Brought up 1 node, 2 CPUs
[    0.216009] smpboot: Max logical packages: 1
[    0.218243] smpboot: Total of 2 processors activated (8780.09 BogoMIPS)
[    0.220317] devtmpfs: initialized
[    0.224166] x86/mm: Memory block size: 128MB
[    0.228021] evm: security.selinux
[    0.229861] evm: security.SMACK64
[    0.231708] evm: security.SMACK64EXEC
[    0.232004] evm: security.SMACK64TRANSMUTE
[    0.236004] evm: security.SMACK64MMAP
[    0.237977] evm: security.apparmor
[    0.239891] evm: security.ima
[    0.240004] evm: security.capability
[    0.244022] clocksource: jiffies: mask: 0xffffffff max_cycles: 0xffffffff, max_idle_ns: 7645041785100000 ns
[    0.248016] futex hash table entries: 512 (order: 3, 32768 bytes)
[    0.251150] pinctrl core: initialized pinctrl subsystem
[    0.252278] RTC time: 16:32:25, date: 11/27/22
[    0.256684] NET: Registered protocol family 16
[    0.260347] audit: initializing netlink subsys (disabled)
[    0.264017] audit: type=2000 audit(1669566753.116:1): state=initialized audit_enabled=0 res=1
[    0.268012] cpuidle: using governor ladder
[    0.270211] cpuidle: using governor menu
[    0.272180] ACPI: bus type PCI registered
[    0.274329] acpiphp: ACPI Hot Plug PCI Controller Driver version: 0.5
[    0.276292] PCI: Using configuration type 1 for base access
[    0.288137] HugeTLB registered 2.00 MiB page size, pre-allocated 0 pages
[    0.292127] ACPI: Added _OSI(Module Device)
[    0.294370] ACPI: Added _OSI(Processor Device)
[    0.296016] ACPI: Added _OSI(3.0 _SCP Extensions)
[    0.298458] ACPI: Added _OSI(Processor Aggregator Device)
[    0.300012] ACPI: Added _OSI(Linux-Dell-Video)
[    0.304006] ACPI: Added _OSI(Linux-Lenovo-NV-HDMI-Audio)
[    0.308006] ACPI: Added _OSI(Linux-HPI-Hybrid-Graphics)
[    0.312146] ACPI: Executed 1 blocks of module-level executable AML code
[    0.333305] ACPI: Interpreter enabled
[    0.335556] ACPI: (supports S0 S5)
[    0.336006] ACPI: Using IOAPIC for interrupt routing
[    0.341058] PCI: Using host bridge windows from ACPI; if necessary, use "pci=nocrs" and report a bug
[    0.344681] ACPI: Enabled 2 GPEs in block 00 to 07
[    0.378443] ACPI: PCI Root Bridge [PCI0] (domain 0000 [bus 00-ff])
[    0.380016] acpi PNP0A03:00: _OSC: OS supports [ASPM ClockPM Segments MSI]
[    0.388197] acpi PNP0A03:00: _OSC: not requesting OS control; OS requires [ExtendedConfig ASPM ClockPM MSI]
[    0.392042] acpi PNP0A03:00: fail to add MMCONFIG information, can't access extended PCI configuration space under this bridge.
[    0.400829] PCI host bridge to bus 0000:00
[    0.402994] pci_bus 0000:00: root bus resource [io  0x0000-0x0cf7 window]
[    0.404009] pci_bus 0000:00: root bus resource [io  0x0d00-0xffff window]
[    0.408020] pci_bus 0000:00: root bus resource [mem 0x000a0000-0x000bffff window]
[    0.412008] pci_bus 0000:00: root bus resource [mem 0x78400000-0xfdffffff window]
[    0.416008] pci_bus 0000:00: root bus resource [bus 00-ff]
[    0.425906] pci 0000:00:01.1: legacy IDE quirk: reg 0x10: [io  0x01f0-0x01f7]
[    0.428007] pci 0000:00:01.1: legacy IDE quirk: reg 0x14: [io  0x03f6]
[    0.432007] pci 0000:00:01.1: legacy IDE quirk: reg 0x18: [io  0x0170-0x0177]
[    0.435493] pci 0000:00:01.1: legacy IDE quirk: reg 0x1c: [io  0x0376]
[    0.480212] pci 0000:00:07.0: quirk: [io  0x4000-0x403f] claimed by PIIX4 ACPI
[    0.484037] pci 0000:00:07.0: quirk: [io  0x4100-0x410f] claimed by PIIX4 SMB
[    0.529789] ACPI: PCI Interrupt Link [LNKA] (IRQs 5 9 10 *11)
[    0.536071] ACPI: PCI Interrupt Link [LNKB] (IRQs 5 9 *10 11)
[    0.539851] ACPI: PCI Interrupt Link [LNKC] (IRQs 5 *9 10 11)
[    0.540481] ACPI: PCI Interrupt Link [LNKD] (IRQs 5 9 10 *11)
[    0.548486] SCSI subsystem initialized
[    0.551474] pci 0000:00:02.0: vgaarb: setting as boot VGA device
[    0.551557] pci 0000:00:02.0: vgaarb: VGA device added: decodes=io+mem,owns=io+mem,locks=none
[    0.552018] pci 0000:00:02.0: vgaarb: bridge control possible
[    0.554931] vgaarb: loaded
[    0.556109] ACPI: bus type USB registered
[    0.558297] usbcore: registered new interface driver usbfs
[    0.560028] usbcore: registered new interface driver hub
[    0.564026] usbcore: registered new device driver usb
[    0.566793] EDAC MC: Ver: 3.0.0
[    0.568685] PCI: Using ACPI for IRQ routing
[    0.572833] NetLabel: Initializing
[    0.574732] NetLabel:  domain hash size = 128
[    0.576024] NetLabel:  protocols = UNLABELED CIPSOv4 CALIPSO
[    0.580044] NetLabel:  unlabeled traffic allowed by default
[    0.584142] clocksource: Switched to clocksource kvm-clock
[    0.643458] VFS: Disk quotas dquot_6.6.0
[    0.646618] VFS: Dquot-cache hash table entries: 512 (order 0, 4096 bytes)
[    0.650822] AppArmor: AppArmor Filesystem Enabled
[    0.653495] pnp: PnP ACPI init
[    0.659450] pnp: PnP ACPI: found 3 devices
[    0.674171] clocksource: acpi_pm: mask: 0xffffff max_cycles: 0xffffff, max_idle_ns: 2085701024 ns
[    0.679351] NET: Registered protocol family 2
[    0.681862] IP idents hash table entries: 32768 (order: 6, 262144 bytes)
[    0.685963] TCP established hash table entries: 16384 (order: 5, 131072 bytes)
[    0.690073] TCP bind hash table entries: 16384 (order: 6, 262144 bytes)
[    0.695973] TCP: Hash tables configured (established 16384 bind 16384)
[    0.699554] UDP hash table entries: 1024 (order: 3, 32768 bytes)
[    0.702863] UDP-Lite hash table entries: 1024 (order: 3, 32768 bytes)
[    0.706205] NET: Registered protocol family 1
[    0.708518] pci 0000:00:00.0: Limiting direct PCI/PCI transfers
[    0.711638] pci 0000:00:01.0: Activating ISA DMA hang workarounds
[    0.714854] pci 0000:00:02.0: Video device with shadowed ROM at [mem 0x000c0000-0x000dffff]
[    0.719480] Unpacking initramfs...
[    1.651608] Freeing initrd memory: 19528K
[    1.654159] clocksource: tsc: mask: 0xffffffffffffffff max_cycles: 0x1fa3d635b2c, max_idle_ns: 440795254665 ns
[    1.659817] platform rtc_cmos: registered platform RTC device (no PNP device found)
[    1.665098] Scanning for low memory corruption every 60 seconds
[    1.672660] Initialise system trusted keyrings
[    1.675106] Key type blacklist registered
[    1.677573] workingset: timestamp_bits=36 max_order=19 bucket_order=0
[    1.685267] zbud: loaded
[    1.688004] squashfs: version 4.0 (2009/01/31) Phillip Lougher
[    1.691998] fuse init (API version 7.26)
[    1.701260] Key type asymmetric registered
[    1.703654] Asymmetric key parser 'x509' registered
[    1.706399] Block layer SCSI generic (bsg) driver version 0.4 loaded (major 246)
[    1.710473] io scheduler noop registered
[    1.712617] io scheduler deadline registered
[    1.715042] io scheduler cfq registered (default)
[    1.718264] ACPI: AC Adapter [AC] (off-line)
[    1.720744] input: Power Button as /devices/LNXSYSTM:00/LNXPWRBN:00/input/input0
[    1.725070] ACPI: Power Button [PWRF]
[    1.727336] input: Sleep Button as /devices/LNXSYSTM:00/LNXSLPBN:00/input/input1
[    1.731474] ACPI: Sleep Button [SLPF]
[    1.738615] ACPI: Battery Slot [BAT0] (battery present)
[    1.741697] Serial: 8250/16550 driver, 32 ports, IRQ sharing enabled
[    1.767147] 00:02: ttyS0 at I/O 0x3f8 (irq = 4, base_baud = 115200) is a 16550A
[    1.778690] Linux agpgart interface v0.103
[    1.784232] loop: module loaded
[    1.787807] scsi host0: ata_piix
[    1.790200] scsi host1: ata_piix
[    1.792208] ata1: PATA max UDMA/33 cmd 0x1f0 ctl 0x3f6 bmdma 0xd000 irq 14
[    1.795590] ata2: PATA max UDMA/33 cmd 0x170 ctl 0x376 bmdma 0xd008 irq 15
[    1.799358] tun: Universal TUN/TAP device driver, 1.6
[    1.802191] PPP generic driver version 2.4.2
[    1.804710] ehci_hcd: USB 2.0 'Enhanced' Host Controller (EHCI) Driver
[    1.807936] ehci-pci: EHCI PCI platform driver
[    1.810376] ehci-platform: EHCI generic platform driver
[    1.813266] ohci_hcd: USB 1.1 'Open' Host Controller (OHCI) Driver
[    1.816390] ohci-pci: OHCI PCI platform driver
[    1.818733] ohci-platform: OHCI generic platform driver
[    1.821553] uhci_hcd: USB Universal Host Controller Interface driver
[    1.825441] i8042: PNP: PS/2 Controller [PNP0303:PS2K,PNP0f03:PS2M] at 0x60,0x64 irq 1,12
[    1.830829] serio: i8042 KBD port at 0x60,0x64 irq 1
[    1.833764] serio: i8042 AUX port at 0x60,0x64 irq 12
[    1.837077] mousedev: PS/2 mouse device common for all mice
[    1.841565] input: AT Translated Set 2 keyboard as /devices/platform/i8042/serio0/input/input2
[    1.846417] rtc_cmos rtc_cmos: rtc core: registered rtc_cmos as rtc0
[    1.849936] rtc_cmos rtc_cmos: alarms up to one day, 114 bytes nvram
[    1.853179] i2c /dev entries driver
[    1.855272] device-mapper: uevent: version 1.0.3
[    1.858008] device-mapper: ioctl: 4.37.0-ioctl (2017-09-20) initialised: dm-devel@redhat.com
[    1.862490] ledtrig-cpu: registered to indicate activity on CPUs
[    1.866574] NET: Registered protocol family 10
[    1.878664] Segment Routing with IPv6
[    1.880973] NET: Registered protocol family 17
[    1.883760] Key type dns_resolver registered
[    1.886664] mce: Using 0 MCE banks
[    1.888621] RAS: Correctable Errors collector initialized.
[    1.891420] sched_clock: Marking stable (1888588375, 0)->(2500714647, -612126272)
[    1.896535] registered taskstats version 1
[    1.899081] Loading compiled-in X.509 certificates
[    1.907742] Loaded X.509 cert 'Build time autogenerated kernel key: 6303a3b02fa1c7713b8a75ba7ba622fabd5dd271'
[    1.914645] Loaded X.509 cert 'Canonical Ltd. Live Patch Signing: 14df34d1a87cf37625abec039ef2bf521249b969'
[    1.921311] Loaded X.509 cert 'Canonical Ltd. Kernel Module Signing: 88f752e560a1e0737e31163a466ad7b70a850c19'
[    1.926772] blacklist: Loading compiled-in revocation X.509 certificates
[    1.930213] Loaded X.509 cert 'Canonical Ltd. Secure Boot Signing: 61482aa2830d0ab2ad5af10b7250da9033ddcef0'
[    1.935324] zswap: loaded using pool lzo/zbud
[    1.946690] Key type big_key registered
[    1.949160] Key type trusted registered
[    1.956110] Key type encrypted registered
[    1.958534] AppArmor: AppArmor sha1 policy hashing enabled
[    1.961441] ima: No TPM chip found, activating TPM-bypass! (rc=-19)
[    1.964624] ima: Allocated hash algorithm: sha1
[    1.967026] evm: HMAC attrs: 0x1
[    1.969775]   Magic number: 14:236:541
[    1.985199] rtc_cmos rtc_cmos: setting system clock to 2022-11-27 16:32:27 UTC (1669566747)
[    1.990162] BIOS EDD facility v0.16 2004-Jun-25, 0 devices found
[    1.993299] EDD information not available.
[    2.010139] Freeing unused kernel image memory: 2472K
[    2.065631] Write protecting the kernel read-only data: 20480k
[    2.071065] Freeing unused kernel image memory: 2008K
[    2.074883] Freeing unused kernel image memory: 1824K
[    2.126101] x86/mm: Checked W+X mappings: passed, no W+X pages found.
[    2.130194] x86/mm: Checking user space page tables
[    2.180374] x86/mm: Checked W+X mappings: passed, no W+X pages found.
Loading, please wait...
starting version 237
[    2.419104] e1000: Intel(R) PRO/1000 Network Driver - version 7.3.21-k8-NAPI
[    2.423090] e1000: Copyright (c) 1999-2006 Intel Corporation.
[    2.434577] Fusion MPT base driver 3.04.20
[    2.437445] Copyright (c) 1999-2008 LSI Corporation
[    2.460828] Fusion MPT SPI Host driver 3.04.20
[    2.466967] AVX version of gcm_enc/dec engaged.
[    2.469746] AES CTR mode by8 optimization enabled
[    2.659217] input: ImExPS/2 Generic Explorer Mouse as /devices/platform/i8042/serio1/input/input4
[    3.088438] e1000 0000:00:03.0 eth0: (PCI:33MHz:32-bit) 02:cf:fd:ba:38:06
[    3.092155] e1000 0000:00:03.0 eth0: Intel(R) PRO/1000 Network Connection
[    4.247670] e1000 0000:00:08.0 eth1: (PCI:33MHz:32-bit) 08:00:27:67:3d:29
[    4.251538] e1000 0000:00:08.0 eth1: Intel(R) PRO/1000 Network Connection
[    4.258150] mptbase: ioc0: Initiating bringup
[    4.357205] ioc0: LSI53C1030 A0: Capabilities={Initiator}
[    4.604580] scsi host2: ioc0: LSI53C1030 A0, FwRev=00000000h, Ports=1, MaxQ=256, IRQ=20
[    4.777011] scsi 2:0:0:0: Direct-Access     VBOX     HARDDISK         1.0  PQ: 0 ANSI: 5
[    4.812666] scsi target2:0:0: Beginning Domain Validation
[    4.819297] scsi target2:0:0: Domain Validation skipping write tests
[    4.822872] scsi target2:0:0: Ending Domain Validation
[    4.825836] scsi target2:0:0: asynchronous
[    4.829227] scsi 2:0:1:0: Direct-Access     VBOX     HARDDISK         1.0  PQ: 0 ANSI: 5
[    5.184120] scsi target2:0:1: Beginning Domain Validation
[    5.190778] scsi target2:0:1: Domain Validation skipping write tests
[    5.194389] scsi target2:0:1: Ending Domain Validation
[    5.197402] scsi target2:0:1: asynchronous
[    5.210783] sd 2:0:0:0: Attached scsi generic sg0 type 0
[    5.214247] sd 2:0:0:0: [sda] 83886080 512-byte logical blocks: (42.9 GB/40.0 GiB)
[    5.222906] sd 2:0:1:0: Attached scsi generic sg1 type 0
[    5.226271] sd 2:0:0:0: [sda] Write Protect is off
[    5.229088] sd 2:0:1:0: [sdb] 20480 512-byte logical blocks: (10.5 MB/10.0 MiB)
[    5.233468] sd 2:0:1:0: [sdb] Write Protect is off
[    5.236740] sd 2:0:0:0: [sda] Incomplete mode parameter data
[    5.239915] sd 2:0:0:0: [sda] Assuming drive cache: write through
[    5.243463] sd 2:0:1:0: [sdb] Incomplete mode parameter data
[    5.246574] sd 2:0:1:0: [sdb] Assuming drive cache: write through
[    5.274931]  sda: sda1
[    5.277882] sd 2:0:0:0: [sda] Attached SCSI disk
[    5.301284] sd 2:0:1:0: [sdb] Attached SCSI disk
[    5.324783] e1000 0000:00:09.0 eth2: (PCI:33MHz:32-bit) 08:00:27:59:d3:f3
[    5.328603] e1000 0000:00:09.0 eth2: Intel(R) PRO/1000 Network Connection
[    5.335217] e1000 0000:00:03.0 enp0s3: renamed from eth0
[    5.377336] e1000 0000:00:08.0 enp0s8: renamed from eth1
[    5.400623] e1000 0000:00:09.0 enp0s9: renamed from eth2
Begin: Loading essential drivers ... [    8.120068] raid6: sse2x1   gen()  1860 MB/s
[    8.168134] raid6: sse2x1   xor()  1209 MB/s
[    8.216115] raid6: sse2x2   gen()  3808 MB/s
[    8.264125] raid6: sse2x2   xor()  1901 MB/s
[    8.312115] raid6: sse2x4   gen()  4609 MB/s
[    8.360165] raid6: sse2x4   xor()  2623 MB/s
[    8.362777] raid6: using algorithm sse2x4 gen() 4609 MB/s
[    8.365798] raid6: .... xor() 2623 MB/s, rmw enabled
[    8.368341] raid6: using ssse3x2 recovery algorithm
[    8.373372] xor: automatically using best checksumming function   avx       
[    8.379685] async_tx: api initialized (async)
done.
Begin: Running /scripts/init-premount ... done.
Begin: Mounting root file system ... Begin: Running /scripts/local-top ... done.
Begin: Running /scripts/local-premount ... [    8.533703] Btrfs loaded, crc32c=crc32c-intel
Scanning for Btrfs filesystems
done.
Warning: fsck not present, so skipping root file system
[    8.735381] EXT4-fs (sda1): mounted filesystem with ordered data mode. Opts: (null)
done.
Begin: Running /scripts/local-bottom ... done.
Begin: Running /scripts/init-bottom ... done.
[   10.056562] ip_tables: (C) 2000-2006 Netfilter Core Team
[   10.220611] systemd[1]: systemd 237 running in system mode. (+PAM +AUDIT +SELINUX +IMA +APPARMOR +SMACK +SYSVINIT +UTMP +LIBCRYPTSETUP +GCRYPT +GNUTLS +ACL +XZ +LZ4 +SECCOMP +BLKID +ELFUTILS +KMOD -IDN2 +IDN -PCRE2 default-hierarchy=hybrid)
[   10.231684] systemd[1]: Detected virtualization oracle.
[   10.234796] systemd[1]: Detected architecture x86-64.

Welcome to [1mUbuntu 18.04.6 LTS[0m!

[   10.289396] systemd[1]: Set hostname to <ubuntu>.
[   10.321465] random: systemd: uninitialized urandom read (16 bytes read)
[   10.325175] systemd[1]: Initializing machine ID from random generator.
[   10.328440] systemd[1]: Installed transient /etc/machine-id file.
[   11.633905] random: crng init done
[   12.596854] systemd[1]: Started Forward Password Requests to Wall Directory Watch.
[[0;32m  OK  [0m] Started Forward Password Requests to Wall Directory Watch.
[   12.607081] systemd[1]: Created slice System Slice.
[[0;32m  OK  [0m] Created slice System Slice.
[   12.610919] systemd[1]: Listening on udev Control Socket.
[[0;32m  OK  [0m] Listening on udev Control Socket.
[   12.615835] systemd[1]: Listening on Journal Audit Socket.
[[0;32m  OK  [0m] Listening on Journal Audit Socket.
[[0;32m  OK  [0m] Listening on Network Service Netlink Socket.
[[0;32m  OK  [0m] Listening on Journal Socket (/dev/log).
[[0;32m  OK  [0m] Created slice system-serial\x2dgetty.slice.
[[0;32m  OK  [0m] Listening on Syslog Socket.
[[0;32m  OK  [0m] Listening on LVM2 poll daemon socket.
[[0;32m  OK  [0m] Listening on /dev/initctl Compatibility Named Pipe.
[[0;32m  OK  [0m] Reached target System Time Synchronized.
[[0;32m  OK  [0m] Listening on fsck to fsckd communication Socket.
[[0;32m  OK  [0m] Listening on Device-mapper event daemon FIFOs.
[[0;32m  OK  [0m] Reached target User and Group Name Lookups.
[[0;32m  OK  [0m] Reached target Swap.
[[0;32m  OK  [0m] Set up automount Arbitrary Executab…rmats File System Automount Point.
[[0;32m  OK  [0m] Listening on LVM2 metadata daemon socket.
[[0;32m  OK  [0m] Listening on udev Kernel Socket.
[[0;32m  OK  [0m] Listening on Journal Socket.
         Mounting Huge Pages File System...
         Starting File System Check on Root Device...
         Starting udev Coldplug all Devices...
         Mounting POSIX Message Queue File System...
         Starting Monitoring of LVM2 mirrors…ng dmeventd or progress polling...
         Starting Create list of required st…ce nodes for the current kernel...
         Mounting Kernel Debug File System...
         Starting Load Kernel Modules...
         Starting Uncomplicated firewall...
         Starting Journal Service...
[[0;32m  OK  [0m] Created slice User and Session Slice.
[[0;32m  OK  [0m] Reached target Slices.
         Starting Set the console keyboard layout...
[[0;32m  OK  [0m] Mounted Huge Pages File System.
[[0;32m  OK  [0m] Started File System Check on Root Device.
[[0;32m  OK  [0m] Mounted POSIX Message Queue File System.
[[0;32m  OK  [0m] Started Create list of required sta…vice nodes for the current kernel.
[[0;32m  OK  [0m] Mounted Kernel Debug File System.
[[0;32m  OK  [0m] Started File System Check Daemon to report status.
         Starting Create Static Device Nodes in /dev...
         Starting Remount Root and Kernel File Systems...
[[0;32m  OK  [0m] Started LVM2 metadata daemon.
[[0;32m  OK  [0m] Started Uncomplicated firewall.
[[0;32m  OK  [0m] Started udev Coldplug all Devices.
[[0;32m  OK  [0m] Started Journal Service.
[   13.898764] Loading iSCSI transport class v2.0-870.
[   13.960993] EXT4-fs (sda1): re-mounted. Opts: (null)
[[0;32m  OK  [0m] Started Remount Root and Kernel File Systems.
         Starting Flush Journal to Persistent Storage...
[   14.041047] iscsi: registered transport (tcp)
         Starting Load/Save Random Seed...
[[0;32m  OK  [0m] Started Create Static Device Nodes in /dev.
         Starting udev Kernel Device Manager...
[   14.181457] systemd-journald[408]: Received request to flush runtime journal from PID 1
[[0;32m  OK  [0m] Started Load/Save Random Seed.
[[0;32m  OK  [0m] Started Monitoring of LVM2 mirrors,…sing dmeventd or progress polling.
[   14.624330] iscsi: registered transport (iser)
[[0;32m  OK  [0m] Started Load Kernel Modules.
         Mounting FUSE Control File System...
         Mounting Kernel Configuration File System...
         Starting Apply Kernel Variables...
[[0;32m  OK  [0m] Mounted FUSE Control File System.
[[0;32m  OK  [0m] Mounted Kernel Configuration File System.
[[0;32m  OK  [0m] Started Flush Journal to Persistent Storage.
[[0;32m  OK  [0m] Started udev Kernel Device Manager.
[[0;32m  OK  [0m] Started Apply Kernel Variables.
[[0;32m  OK  [0m] Found device /dev/ttyS0.
[[0;32m  OK  [0m] Listening on Load/Save RF Kill Switch Status /dev/rfkill Watch.
         Mounting Arbitrary Executable File Formats File System...
[[0;32m  OK  [0m] Mounted Arbitrary Executable File Formats File System.
[[0;32m  OK  [0m] Started Set the console keyboard layout.
[[0;32m  OK  [0m] Started Dispatch Password Requests to Console Directory Watch.
[[0;32m  OK  [0m] Reached target Local Encrypted Volumes.
[[0;32m  OK  [0m] Reached target Local File Systems (Pre).
[[0;32m  OK  [0m] Reached target Local File Systems.
         Starting Commit a transient machine-id on disk...
         Starting Tell Plymouth To Write Out Runtime Data...
         Starting Set console font and keymap...
         Starting ebtables ruleset management...
         Starting Create Volatile Files and Directories...
         Starting AppArmor initialization...
[[0;32m  OK  [0m] Started Tell Plymouth To Write Out Runtime Data.
[[0;32m  OK  [0m] Started Set console font and keymap.
[[0;32m  OK  [0m] Started Commit a transient machine-id on disk.
[[0;32m  OK  [0m] Started Create Volatile Files and Directories.
         Starting Update UTMP about System Boot/Shutdown...
[[0;32m  OK  [0m] Started Update UTMP about System Boot/Shutdown.
[[0;32m  OK  [0m] Started ebtables ruleset management.
[[0;32m  OK  [0m] Started AppArmor initialization.
         Starting Initial cloud-init job (pre-networking)...
         Starting Load AppArmor profiles managed internally by snapd...
[[0;32m  OK  [0m] Started Load AppArmor profiles managed internally by snapd.
[   29.253956] cloud-init[666]: Cloud-init v. 22.3.4-0ubuntu1~18.04.1 running 'init-local' at Sun, 27 Nov 2022 16:32:53 +0000. Up 27.94 seconds.
[[0;32m  OK  [0m] Started Initial cloud-init job (pre-networking).
[[0;32m  OK  [0m] Reached target Network (Pre).
         Starting Network Service...
[[0;32m  OK  [0m] Started Network Service.
         Starting Network Name Resolution...
         Starting Wait for Network to be Configured...
[[0;32m  OK  [0m] Started Network Name Resolution.
[[0;32m  OK  [0m] Reached target Network.
[[0;32m  OK  [0m] Reached target Host and Network Name Lookups.
[[0;32m  OK  [0m] Started Wait for Network to be Configured.
         Starting Initial cloud-init job (metadata service crawler)...
[   33.675107] cloud-init[816]: Cloud-init v. 22.3.4-0ubuntu1~18.04.1 running 'init' at Sun, 27 Nov 2022 16:32:58 +0000. Up 33.08 seconds.
[   33.694790] cloud-init[816]: ci-info: ++++++++++++++++++++++++++++++++++++++Net device info+++++++++++++++++++++++++++++++++++++++
[   33.699243] cloud-init[816]: ci-info: +--------+-------+----------------------------+---------------+--------+-------------------+
[   33.703963] cloud-init[816]: ci-info: | Device |   Up  |          Address           |      Mask     | Scope  |     Hw-Address    |
[   33.708343] cloud-init[816]: ci-info: +--------+-------+----------------------------+---------------+--------+-------------------+
[   33.712029] cloud-init[816]: ci-info: | enp0s3 |  True |         10.0.2.15          | 255.255.255.0 | global | 02:cf:fd:ba:38:06 |
[   33.715980] cloud-init[816]: ci-info: | enp0s3 |  True | fe80::cf:fdff:feba:3806/64 |       .       |  link  | 02:cf:fd:ba:38:06 |
[   33.749501] cloud-init[816]: ci-info: | enp0s8 | False |             .              |       .       |   .    | 08:00:27:67:3d:29 |
[   33.752723] cloud-init[816]: ci-info: | enp0s9 | False |             .              |       .       |   .    | 08:00:27:59:d3:f3 |
[   33.755947] cloud-init[816]: ci-info: |   lo   |  True |         127.0.0.1          |   255.0.0.0   |  host  |         .         |
[   33.759939] cloud-init[816]: ci-info: |   lo   |  True |          ::1/128           |       .       |  host  |         .         |
[   33.763333] cloud-init[816]: ci-info: +--------+-------+----------------------------+---------------+--------+-------------------+
[   33.766661] cloud-init[816]: ci-info: ++++++++++++++++++++++++++++Route IPv4 info+++++++++++++++++++++++++++++
[   33.770078] cloud-init[816]: ci-info: +-------+-------------+----------+-----------------+-----------+-------+
[   33.773142] cloud-init[816]: ci-info: | Route | Destination | Gateway  |     Genmask     | Interface | Flags |
[   33.776418] cloud-init[816]: ci-info: +-------+-------------+----------+-----------------+-----------+-------+
[   33.779451] cloud-init[816]: ci-info: |   0   |   0.0.0.0   | 10.0.2.2 |     0.0.0.0     |   enp0s3  |   UG  |
[   33.781987] cloud-init[816]: ci-info: |   1   |   10.0.2.0  | 0.0.0.0  |  255.255.255.0  |   enp0s3  |   U   |
[   33.796255] cloud-init[816]: ci-info: |   2   |   10.0.2.2  | 0.0.0.0  | 255.255.255.255 |   enp0s3  |   UH  |
[   33.808384] cloud-init[816]: ci-info: +-------+-------------+----------+-----------------+-----------+-------+
[   33.810836] cloud-init[816]: ci-info: +++++++++++++++++++Route IPv6 info+++++++++++++++++++
[   33.813760] cloud-init[816]: ci-info: +-------+-------------+---------+-----------+-------+
[   33.824348] cloud-init[816]: ci-info: | Route | Destination | Gateway | Interface | Flags |
[   33.827302] cloud-init[816]: ci-info: +-------+-------------+---------+-----------+-------+
[   33.829641] cloud-init[816]: ci-info: |   1   |  fe80::/64  |    ::   |   enp0s3  |   U   |
[   33.840853] cloud-init[816]: ci-info: |   3   |    local    |    ::   |   enp0s3  |   U   |
[   33.843082] cloud-init[816]: ci-info: |   4   |   ff00::/8  |    ::   |   enp0s3  |   U   |
[   33.845716] cloud-init[816]: ci-info: +-------+-------------+---------+-----------+-------+
[   37.400400] cloud-init[816]: Generating public/private rsa key pair.
[   37.404174] cloud-init[816]: Your identification has been saved in /etc/ssh/ssh_host_rsa_key.
[   37.408605] cloud-init[816]: Your public key has been saved in /etc/ssh/ssh_host_rsa_key.pub.
[   37.412597] cloud-init[816]: The key fingerprint is:
[   37.415609] cloud-init[816]: SHA256:8rNZ9prhMtMlREXPyV6cqHNiBmeXlcTutOd4hQeaRs0 root@ubuntu-bionic
[   37.420767] cloud-init[816]: The key's randomart image is:
[   37.424142] cloud-init[816]: +---[RSA 2048]----+
[   37.426983] cloud-init[816]: |           oo oo.|
[   37.429958] cloud-init[816]: |          .  ++=.|
[   37.432943] cloud-init[816]: |         o o **.o|
[   37.435840] cloud-init[816]: |          = +.E+ |
[   37.438958] cloud-init[816]: |      . S. B ++o.|
[   37.441522] cloud-init[816]: |       o  + O .o+|
[   37.443616] cloud-init[816]: |        o.++   +o|
[   37.445782] cloud-init[816]: |        +B.+  . o|
[   37.447820] cloud-init[816]: |        o++..  . |
[   37.449947] cloud-init[816]: +----[SHA256]-----+
[   37.452284] cloud-init[816]: Generating public/private dsa key pair.
[   37.455983] cloud-init[816]: Your identification has been saved in /etc/ssh/ssh_host_dsa_key.
[   37.459440] cloud-init[816]: Your public key has been saved in /etc/ssh/ssh_host_dsa_key.pub.
[   37.462295] cloud-init[816]: The key fingerprint is:
[   37.464643] cloud-init[816]: SHA256:1/wTqcljqPHHgryPTKo7+yqHiYkIudJk5EwSyAFNISs root@ubuntu-bionic
[   37.468016] cloud-init[816]: The key's randomart image is:
[   37.470294] cloud-init[816]: +---[DSA 1024]----+
[   37.471909] cloud-init[816]: |*++.             |
[   37.474664] cloud-init[816]: |o+.              |
[   37.477409] cloud-init[816]: |E.               |
[   37.480149] cloud-init[816]: |o o        o   . |
[   37.482885] cloud-init[816]: | B      S . o o  |
[   37.485721] cloud-init[816]: |o =      . o + . |
[   37.488458] cloud-init[816]: |+B o   .o...* o  |
[   37.490325] cloud-init[816]: |B = o  +o=..o. . |
[   37.492476] cloud-init[816]: |.  o=Bo =ooo     |
[   37.494611] cloud-init[816]: +----[SHA256]-----+
[   37.497010] cloud-init[816]: Generating public/private ecdsa key pair.
[   37.499856] cloud-init[816]: Your identification has been saved in /etc/ssh/ssh_host_ecdsa_key.
[   37.502880] cloud-init[816]: Your public key has been saved in /etc/ssh/ssh_host_ecdsa_key.pub.
[   37.506136] cloud-init[816]: The key fingerprint is:
[   37.508335] cloud-init[816]: SHA256:lum44Y0AFBgVO3dj8DT1ikKE/JYW5l8AgMUHB4Xx1q4 root@ubuntu-bionic
[   37.511564] cloud-init[816]: The key's randomart image is:
[   37.513636] cloud-init[816]: +---[ECDSA 256]---+
[   37.515733] cloud-init[816]: |.OXX*.o..        |
[   37.517747] cloud-init[816]: |o =*+=.. .       |
[   37.519817] cloud-init[816]: |  +==o*.  .      |
[   37.521887] cloud-init[816]: | . =*+ o.+       |[[0;32m  OK  [0m] Started Initial cloud-init job (metadata service crawler).
[[0;32m  OK  [0m] Reached target Cloud-config availability.
[[0;32m  OK  [0m] Reached target Network is Online.

[   37.527842] cloud-init[816]: |  .o..o.S        |
[   37.530143] cloud-init[816]: |   . o.+         |
[   37.533011] cloud-init[816]: |    E o .        |
[   37.535265] cloud-init[816]: |     o =         |
         Starting Availability of block devices...
[   37.553791] [[0;32m  OK  [0m] Reached target Remote File Systems (Pre).
[[0;32m  OK  [0m] Reached target Remote File Systems.
[[0;32m  OK  [0m] Reached target System Initialization.
[[0;32m  OK  [0m] Listening on UUID daemon activation socket.
cloud-init         Starting Socket activation for snappy daemon.
[[0;32m  OK  [0m] Listening on D-Bus System Message Bus Socket.
[[0;32m  OK  [0m] Started Message of the Day.
[[0;32m  OK  [0m] Started Daily Cleanup of Temporary Directories.
[[0;32m  OK  [0m] Listening on cloud-init hotplug hook socket.
[816]: |      + .        |
[   37.580879] cloud-init[816]: +----[SHA256]-----+
[[0;32m  OK  [0m] Started Discard unused blocks once a week.
[   37.583869] [[0;32m  OK  [0m] Listening on ACPID Listen Socket.
[[0;32m  OK  [0m] Started Daily apt download activities.
[[0;32m  OK  [0m] Started Daily apt upgrade and clean activities.
cloud-init[[0;32m  OK  [0m] Started ACPI Events Check.
[[0;32m  OK  [0m] Reached target Paths.
[[0;32m  OK  [0m] Listening on Open-iSCSI iscsid Socket.
[816]: Generating public/private ed25519 key pair.
[   37.595151] cloud-init[816]: Your identification has been saved in /etc/ssh/ssh_host_ed25519_key.
[   37.597799] cloud-init[816]: Your public key has been saved in /etc/ssh/ssh_host_ed25519_key.pub.
[   37.600345] cloud-init[816]: The key fingerprint is:
[   37.601609] cloud-init[816]: SHA256:1y3suPsyLYAzUX0g1f1bklCyL5cFgpmvETl+vo4+Z3s root@ubuntu-bionic
[   37.604489] cloud-init[816]:          Starting LXD - unix socket.
[[0;32m  OK  [0m] Started Ubuntu Advantage Timer for running repeated jobs.
[[0;32m  OK  [0m] Reached target Timers.
The key's randomart image is:
[   37.610794] cloud-init[816]: +--[ED25519 256]--+
[[0;32m  OK  [0m] Started Availability of block devices.
[[0;32m  OK  [0m[   37.613777] cloud-init[816]: |        .ooBooo  |
[   37.615243] cloud-init[816]: |        ..O ++.. |] Listening on Socket activation for snappy daemon.
[[0;32m  OK  [0m
] [   37.620356] cloud-init[816]: |       . . =.. o.|
[   37.620596] cloud-init[816]: |      .   ooooooo|
[   37.621929] cloud-init[816]: |       oS .== =.o|
[   37.624752] cloud-init[816]: |      + ...o.+ . |
[   37.624944] cloud-init[816]: |       o .....   |
[   37.626591] cloud-init[816]: |          =o= E  |
[   37.627681] cloud-init[816]: |         .=@+o   |
[   37.629591] cloud-init[816]: +----[SHA256]-----+
Listening on LXD - unix socket.
[[0;32m  OK  [0m] Reached target Sockets.
[[0;32m  OK  [0m] Reached target Basic System.
         Starting Pollinate to seed the pseudo random number generator...
         Starting LSB: automatic crash report generation...
         Starting Virtualbox guest utils...
[[0;32m  OK  [0m] Started FUSE filesystem for LXC.
         Starting LSB: Record successful boot for GRUB...
         Starting System Logging Service...
         Starting Dispatcher daemon for systemd-networkd...
         Starting Accounts Service...
[[0;32m  OK  [0m] Started Deferred execution scheduler.
[[0;32m  OK  [0m] Started D-Bus System Message Bus.
[[0;32m  OK  [0m] Started irqbalance daemon.
         Starting Permit User Sessions...
         Starting Login Service...
         Starting LXD - container startup/shutdown...
[[0;32m  OK  [0m] Reached target Login Prompts (Pre).
[[0;32m  OK  [0m] Started Regular background program processing daemon.
         Starting Snap Daemon...
[[0;32m  OK  [0m] Started System Logging Service.
[[0;32m  OK  [0m] Started Permit User Sessions.
[[0;32m  OK  [0m] Started Login Service.
[[0;32m  OK  [0m] Started Unattended Upgrades Shutdown.
         Starting Authorization Manager...
         Starting Hold until boot process finishes up...
         Starting Terminate Plymouth Boot Screen...
[[0;32m  OK  [0m] Started Hold until boot process finishes up.
[[0;32m  OK  [0m] Started Serial Getty on ttyS0.
         Starting Set console scheme...
[[0;32m  OK  [0m] Started Terminate Plymouth Boot Screen.
[[0;32m  OK  [0m] Started Set console scheme.
[[0;32m  OK  [0m] Created slice system-getty.slice.
[[0;32m  OK  [0m] Started Getty on tty1.
[[0;32m  OK  [0m] Reached target Login Prompts.
[[0;32m  OK  [0m] Started LSB: automatic crash report generation.
[[0;32m  OK  [0m] Started LSB: Record successful boot for GRUB.
[[0;32m  OK  [0m] Started Authorization Manager.
[[0;32m  OK  [0m] Started Accounts Service.
[[0;32m  OK  [0m] Started Virtualbox guest utils.
[[0;32m  OK  [0m] Started Dispatcher daemon for systemd-networkd.

Ubuntu 18.04.6 LTS ubuntu-bionic ttyS0

ubuntu-bionic login: [   55.347229] cloud-init[1482]: Cloud-init v. 22.3.4-0ubuntu1~18.04.1 running 'modules:config' at Sun, 27 Nov 2022 16:33:16 +0000. Up 50.80 seconds.
ci-info: no authorized SSH keys fingerprints found for user ubuntu.
<14>Nov 27 16:33:23 cloud-init: #############################################################
<14>Nov 27 16:33:23 cloud-init: -----BEGIN SSH HOST KEY FINGERPRINTS-----
<14>Nov 27 16:33:23 cloud-init: 1024 SHA256:1/wTqcljqPHHgryPTKo7+yqHiYkIudJk5EwSyAFNISs root@ubuntu-bionic (DSA)
<14>Nov 27 16:33:23 cloud-init: 256 SHA256:lum44Y0AFBgVO3dj8DT1ikKE/JYW5l8AgMUHB4Xx1q4 root@ubuntu-bionic (ECDSA)
<14>Nov 27 16:33:23 cloud-init: 256 SHA256:1y3suPsyLYAzUX0g1f1bklCyL5cFgpmvETl+vo4+Z3s root@ubuntu-bionic (ED25519)
<14>Nov 27 16:33:23 cloud-init: 2048 SHA256:8rNZ9prhMtMlREXPyV6cqHNiBmeXlcTutOd4hQeaRs0 root@ubuntu-bionic (RSA)
<14>Nov 27 16:33:23 cloud-init: -----END SSH HOST KEY FINGERPRINTS-----
<14>Nov 27 16:33:23 cloud-init: #############################################################
-----BEGIN SSH HOST KEY KEYS-----
ecdsa-sha2-nistp256 AAAAE2VjZHNhLXNoYTItbmlzdHAyNTYAAAAIbmlzdHAyNTYAAABBBECWwwxiczxuNy0FVBozp9S3o8dYDrRIYgrKd/38yeulccjDQ1GbyKfj2fq+Vln/pJHf2qj1uzsf43pYjhybX0o= root@ubuntu-bionic
ssh-ed25519 AAAAC3NzaC1lZDI1NTE5AAAAIAqgnhWKPSixqUrCfF8w/2YWxg3tcy37M+n00KzMJRn4 root@ubuntu-bionic
ssh-rsa AAAAB3NzaC1yc2EAAAADAQABAAABAQC8yYQLvJiQpSnhP5vZlhjdqTV0PAqaPn2SJnZiNPH9lryg+2nJJUnJr4LLjvOLU27Jc0vNEQl9yp3klZhHIPfZg1GTiwh70Yl67qvNJMfI+60ZZObAeoxYbZaIZ6kyvvahQQM9/oIuNG/ybw+LTRTkuGpD/7a1zmN3ZNKrkbE/bVO0yC4y17diDh6tINouuy63T4VnZ35QjYiWiXr54MYosJapDRKxjLUN6VQyPpTjMG3KDrXoT+6MUCBNwRQWbCNQ9d8LbrMWa97OFjrbhFjD9kcMdNtmENx5Lb/6FUoLZjfQ9Ns+cNFpey75lz7Dsi2O2i+shjsGs4hVLZgHHSyL root@ubuntu-bionic
-----END SSH HOST KEY KEYS-----
[   57.744307] cloud-init[1684]: Cloud-init v. 22.3.4-0ubuntu1~18.04.1 running 'modules:final' at Sun, 27 Nov 2022 16:33:22 +0000. Up 57.10 seconds.
[   57.744532] cloud-init[1684]: Cloud-init v. 22.3.4-0ubuntu1~18.04.1 finished at Sun, 27 Nov 2022 16:33:23 +0000. Datasource DataSourceNoCloud [seed=/dev/sdb][dsmode=net].  Up 57.72 seconds
